2017-04-11 16:25:51 - [INFO] [main] [com.tuyoo.util.Utils] 文件正常加载：E:\mysite\ideaProjects\redis-mysql\src\main\resources/conn.properties
2017-04-11 16:25:51 - [INFO] [main] [com.tuyoo.util.ConnUtils] 获取redis连接。。。
2017-04-11 16:25:51 - [INFO] [main] [com.tuyoo.util.ConnUtils] 密码认证。。
2017-04-11 16:25:51 - [INFO] [main] [com.tuyoo.action.MainAction] redis 查询用时(秒数)： 43
2017-04-11 16:25:51 - [INFO] [main] [com.tuyoo.action.MainAction] 清空数据。。40
2017-04-11 16:26:54 - [INFO] [main] [com.tuyoo.util.Utils] 文件正常加载：E:\mysite\ideaProjects\redis-mysql\src\main\resources/conn.properties
2017-04-11 16:26:54 - [INFO] [main] [com.tuyoo.util.ConnUtils] 获取redis连接。。。
2017-04-11 16:26:54 - [INFO] [main] [com.tuyoo.util.ConnUtils] 密码认证。。
2017-04-11 16:26:54 - [INFO] [main] [com.tuyoo.action.MainAction] redis 查询用时(秒数)： 94
2017-04-11 16:26:54 - [INFO] [main] [com.tuyoo.action.MainAction] 清空数据。。40
2017-04-11 16:26:54 - [INFO] [main] [com.tuyoo.util.ConnUtils] 执行插入的sql语句: insert into redis_game(type,platform_id,product_id,game_id,channel_id,product_nickname,client_id,value,day,hour,minute) values(?,?,?,?,?,?,?,?,?,?,?)
2017-04-11 16:26:54 - [INFO] [main] [com.tuyoo.util.ConnUtils] 获取mysql连接。。。
2017-04-11 16:26:55 - [INFO] [main] [com.tuyoo.util.ConnUtils] 添加批量执行...
2017-04-11 16:26:55 - [INFO] [main] [com.tuyoo.util.ConnUtils] 执行批量插入...
2017-04-11 16:26:56 - [INFO] [main] [com.tuyoo.util.ConnUtils] 本次提交完成...
2017-04-11 16:26:56 - [INFO] [main] [com.tuyoo.util.ConnUtils] 执行插入的sql语句: insert into redis_login(type,platform_id,product_id,channel_id,product_nickname,client_id,value,day,hour,minute) values(?,?,?,?,?,?,?,?,?,?)
2017-04-11 16:26:56 - [INFO] [main] [com.tuyoo.util.ConnUtils] 获取mysql连接。。。
2017-04-11 16:26:56 - [INFO] [main] [com.tuyoo.util.ConnUtils] 添加批量执行...
2017-04-11 16:26:56 - [INFO] [main] [com.tuyoo.util.ConnUtils] 执行批量插入...
2017-04-11 16:26:57 - [INFO] [main] [com.tuyoo.util.ConnUtils] 本次提交完成...
2017-04-11 16:26:57 - [INFO] [main] [com.tuyoo.util.ConnUtils] 获取redis连接。。。
2017-04-11 16:26:57 - [INFO] [main] [com.tuyoo.util.ConnUtils] 密码认证。。
2017-04-11 16:26:57 - [INFO] [main] [com.tuyoo.action.MainAction] redis 查询用时(秒数)： 8
2017-04-11 16:26:57 - [INFO] [main] [com.tuyoo.util.ConnUtils] 执行插入的sql语句: insert into redis_game(type,platform_id,product_id,game_id,channel_id,product_nickname,client_id,value,day,hour,minute) values(?,?,?,?,?,?,?,?,?,?,?)
2017-04-11 16:26:57 - [INFO] [main] [com.tuyoo.util.ConnUtils] 获取mysql连接。。。
2017-04-11 16:26:57 - [INFO] [main] [com.tuyoo.util.ConnUtils] 添加批量执行...
2017-04-11 16:26:57 - [INFO] [main] [com.tuyoo.util.ConnUtils] 执行批量插入...
2017-04-11 16:26:57 - [INFO] [main] [com.tuyoo.util.ConnUtils] 本次提交完成...
2017-04-11 16:26:57 - [INFO] [main] [com.tuyoo.util.ConnUtils] 执行插入的sql语句: insert into redis_login(type,platform_id,product_id,channel_id,product_nickname,client_id,value,day,hour,minute) values(?,?,?,?,?,?,?,?,?,?)
2017-04-11 16:26:57 - [INFO] [main] [com.tuyoo.util.ConnUtils] 获取mysql连接。。。
2017-04-11 16:26:57 - [INFO] [main] [com.tuyoo.util.ConnUtils] 添加批量执行...
2017-04-11 16:26:57 - [INFO] [main] [com.tuyoo.util.ConnUtils] 执行批量插入...
2017-04-11 16:26:57 - [INFO] [main] [com.tuyoo.util.ConnUtils] 本次提交完成...
2017-04-11 16:35:09 - [INFO] [main] [com.tuyoo.util.Utils] 文件正常加载：E:\mysite\ideaProjects\redis-mysql\src\main\resources/conn.properties
2017-04-11 16:35:09 - [INFO] [main] [com.tuyoo.util.ConnUtils] 获取redis连接。。。
2017-04-11 16:35:09 - [INFO] [main] [com.tuyoo.util.ConnUtils] 密码认证。。
2017-04-11 16:35:09 - [INFO] [main] [com.tuyoo.action.MainAction] redis 查询用时(秒数)： 85
2017-04-11 16:35:09 - [INFO] [main] [com.tuyoo.action.MainAction] 清空数据。。40
2017-04-11 16:35:10 - [INFO] [main] [com.tuyoo.util.ConnUtils] 执行插入的sql语句: insert into redis_short_login(type,platform_id,product_id,channel_id,product_nickname,client_id,value,day,hour,minute) values(?,?,?,?,?,?,?,?,?,?)
2017-04-11 16:35:10 - [INFO] [main] [com.tuyoo.util.ConnUtils] 获取mysql连接。。。
2017-04-11 16:35:10 - [INFO] [main] [com.tuyoo.util.ConnUtils] 添加批量执行...
2017-04-11 16:35:10 - [INFO] [main] [com.tuyoo.util.ConnUtils] 执行批量插入...
2017-04-11 16:35:11 - [INFO] [main] [com.tuyoo.util.ConnUtils] 本次提交完成...
2017-04-11 16:35:11 - [INFO] [main] [com.tuyoo.util.ConnUtils] 执行插入的sql语句: insert into redis_short_game(type,platform_id,product_id,game_id,channel_id,product_nickname,client_id,value,day,hour,minute) values(?,?,?,?,?,?,?,?,?,?,?)
2017-04-11 16:35:11 - [INFO] [main] [com.tuyoo.util.ConnUtils] 获取mysql连接。。。
2017-04-11 16:35:12 - [INFO] [main] [com.tuyoo.util.ConnUtils] 添加批量执行...
2017-04-11 16:35:12 - [INFO] [main] [com.tuyoo.util.ConnUtils] 执行批量插入...
2017-04-11 16:35:13 - [INFO] [main] [com.tuyoo.util.ConnUtils] 本次提交完成...
2017-04-11 16:35:13 - [INFO] [main] [com.tuyoo.util.ConnUtils] 获取redis连接。。。
2017-04-11 16:35:13 - [INFO] [main] [com.tuyoo.util.ConnUtils] 密码认证。。
2017-04-11 16:35:13 - [INFO] [main] [com.tuyoo.action.MainAction] redis 查询用时(秒数)： 8
2017-04-11 16:35:13 - [INFO] [main] [com.tuyoo.util.ConnUtils] 执行插入的sql语句: insert into redis_game(type,platform_id,product_id,game_id,channel_id,product_nickname,client_id,value,day,hour,minute) values(?,?,?,?,?,?,?,?,?,?,?)
2017-04-11 16:35:13 - [INFO] [main] [com.tuyoo.util.ConnUtils] 获取mysql连接。。。
2017-04-11 16:35:13 - [INFO] [main] [com.tuyoo.util.ConnUtils] 添加批量执行...
2017-04-11 16:35:13 - [INFO] [main] [com.tuyoo.util.ConnUtils] 执行批量插入...
2017-04-11 16:35:13 - [INFO] [main] [com.tuyoo.util.ConnUtils] 本次提交完成...
2017-04-11 16:35:13 - [INFO] [main] [com.tuyoo.util.ConnUtils] 执行插入的sql语句: insert into redis_login(type,platform_id,product_id,channel_id,product_nickname,client_id,value,day,hour,minute) values(?,?,?,?,?,?,?,?,?,?)
2017-04-11 16:35:13 - [INFO] [main] [com.tuyoo.util.ConnUtils] 获取mysql连接。。。
2017-04-11 16:35:13 - [INFO] [main] [com.tuyoo.util.ConnUtils] 添加批量执行...
2017-04-11 16:35:13 - [INFO] [main] [com.tuyoo.util.ConnUtils] 执行批量插入...
2017-04-11 16:35:13 - [INFO] [main] [com.tuyoo.util.ConnUtils] 本次提交完成...
2017-04-11 16:38:08 - [INFO] [main] [com.tuyoo.util.Utils] 文件正常加载：E:\mysite\ideaProjects\redis-mysql\src\main\resources/conn.properties
2017-04-11 16:38:08 - [INFO] [main] [com.tuyoo.util.ConnUtils] 获取redis连接。。。
2017-04-11 16:38:08 - [INFO] [main] [com.tuyoo.util.ConnUtils] 密码认证。。
2017-04-11 16:38:08 - [INFO] [main] [com.tuyoo.action.MainAction] redis 查询用时(秒数)： 61
2017-04-11 16:38:08 - [INFO] [main] [com.tuyoo.util.ConnUtils] 执行插入的sql语句: insert into redis_game(type,platform_id,product_id,game_id,channel_id,product_nickname,client_id,value,day,hour,minute) values(?,?,?,?,?,?,?,?,?,?,?)
2017-04-11 16:38:08 - [INFO] [main] [com.tuyoo.util.ConnUtils] 获取mysql连接。。。
2017-04-11 16:38:08 - [INFO] [main] [com.tuyoo.util.ConnUtils] 添加批量执行...
2017-04-11 16:38:08 - [INFO] [main] [com.tuyoo.util.ConnUtils] 执行批量插入...
2017-04-11 16:38:08 - [INFO] [main] [com.tuyoo.util.ConnUtils] 本次提交完成...
2017-04-11 16:38:08 - [INFO] [main] [com.tuyoo.util.ConnUtils] 执行插入的sql语句: insert into redis_login(type,platform_id,product_id,channel_id,product_nickname,client_id,value,day,hour,minute) values(?,?,?,?,?,?,?,?,?,?)
2017-04-11 16:38:08 - [INFO] [main] [com.tuyoo.util.ConnUtils] 获取mysql连接。。。
2017-04-11 16:38:09 - [INFO] [main] [com.tuyoo.util.ConnUtils] 添加批量执行...
2017-04-11 16:38:09 - [INFO] [main] [com.tuyoo.util.ConnUtils] 执行批量插入...
2017-04-11 16:38:09 - [INFO] [main] [com.tuyoo.util.ConnUtils] 本次提交完成...
2017-04-11 16:42:36 - [INFO] [main] [com.tuyoo.util.Utils] 文件正常加载：E:\mysite\ideaProjects\redis-mysql\src\main\resources/conn.properties
2017-04-11 16:42:36 - [INFO] [main] [com.tuyoo.util.ConnUtils] 获取redis连接。。。
2017-04-11 16:42:36 - [INFO] [main] [com.tuyoo.util.ConnUtils] 密码认证。。
2017-04-11 16:42:36 - [INFO] [main] [com.tuyoo.action.MainAction] redis 查询用时(秒数)： 44
2017-04-11 16:42:36 - [INFO] [main] [com.tuyoo.action.MainAction] 累计数据写入：game->0	 login->0
2017-04-11 16:42:36 - [INFO] [main] [com.tuyoo.util.ConnUtils] 执行插入的sql语句: insert into redis_game(type,platform_id,product_id,game_id,channel_id,product_nickname,client_id,value,day,hour,minute) values(?,?,?,?,?,?,?,?,?,?,?)
2017-04-11 16:42:36 - [INFO] [main] [com.tuyoo.util.ConnUtils] 获取mysql连接。。。
2017-04-11 16:42:37 - [INFO] [main] [com.tuyoo.util.ConnUtils] 添加批量执行...
2017-04-11 16:42:37 - [INFO] [main] [com.tuyoo.util.ConnUtils] 执行批量插入...
2017-04-11 16:42:37 - [INFO] [main] [com.tuyoo.util.ConnUtils] 本次提交完成...
2017-04-11 16:42:37 - [INFO] [main] [com.tuyoo.util.ConnUtils] 执行插入的sql语句: insert into redis_login(type,platform_id,product_id,channel_id,product_nickname,client_id,value,day,hour,minute) values(?,?,?,?,?,?,?,?,?,?)
2017-04-11 16:42:37 - [INFO] [main] [com.tuyoo.util.ConnUtils] 获取mysql连接。。。
2017-04-11 16:42:37 - [INFO] [main] [com.tuyoo.util.ConnUtils] 添加批量执行...
2017-04-11 16:42:37 - [INFO] [main] [com.tuyoo.util.ConnUtils] 执行批量插入...
2017-04-11 16:42:37 - [INFO] [main] [com.tuyoo.util.ConnUtils] 本次提交完成...
2017-04-11 17:06:28 - [INFO] [main] [com.tuyoo.util.Utils] 文件正常加载：E:\mysite\ideaProjects\redis-mysql\src\main\resources/conn.properties
2017-04-11 17:06:28 - [INFO] [main] [com.tuyoo.util.ConnUtils] 获取redis连接。。。
2017-04-11 17:06:28 - [INFO] [main] [com.tuyoo.util.ConnUtils] 密码认证。。
2017-04-11 17:06:28 - [INFO] [main] [com.tuyoo.action.MainAction] redis 查询用时(秒数)： 100
2017-04-11 17:06:28 - [INFO] [main] [com.tuyoo.action.MainAction] 清空数据。。40
2017-04-11 17:06:28 - [INFO] [main] [com.tuyoo.action.MainAction] 当前十分钟数据写入：game->150	 login->188
2017-04-11 17:06:28 - [INFO] [main] [com.tuyoo.util.ConnUtils] 执行插入的sql语句: insert into redis_short_login(type,platform_id,product_id,channel_id,product_nickname,client_id,value,day,hour,minute) values(?,?,?,?,?,?,?,?,?,?)
2017-04-11 17:06:28 - [INFO] [main] [com.tuyoo.util.ConnUtils] 获取mysql连接。。。
2017-04-11 17:06:28 - [INFO] [main] [com.tuyoo.util.ConnUtils] 添加批量执行...
2017-04-11 17:06:28 - [INFO] [main] [com.tuyoo.util.ConnUtils] 执行批量插入...
2017-04-11 17:06:29 - [INFO] [main] [com.tuyoo.util.ConnUtils] 本次提交完成...
2017-04-11 17:06:29 - [INFO] [main] [com.tuyoo.util.ConnUtils] 执行插入的sql语句: insert into redis_short_game(type,platform_id,product_id,game_id,channel_id,product_nickname,client_id,value,day,hour,minute) values(?,?,?,?,?,?,?,?,?,?,?)
2017-04-11 17:06:29 - [INFO] [main] [com.tuyoo.util.ConnUtils] 获取mysql连接。。。
2017-04-11 17:06:29 - [INFO] [main] [com.tuyoo.util.ConnUtils] 添加批量执行...
2017-04-11 17:06:29 - [INFO] [main] [com.tuyoo.util.ConnUtils] 执行批量插入...
2017-04-11 17:06:30 - [INFO] [main] [com.tuyoo.util.ConnUtils] 本次提交完成...
2017-04-11 17:06:30 - [INFO] [main] [com.tuyoo.util.ConnUtils] 获取redis连接。。。
2017-04-11 17:06:30 - [INFO] [main] [com.tuyoo.util.ConnUtils] 密码认证。。
2017-04-11 17:06:30 - [INFO] [main] [com.tuyoo.action.MainAction] redis 查询用时(秒数)： 40
2017-04-11 17:06:30 - [INFO] [main] [com.tuyoo.action.MainAction] 累计数据写入：game->175	 login->205
2017-04-11 17:06:30 - [INFO] [main] [com.tuyoo.util.ConnUtils] 执行插入的sql语句: insert into redis_game(type,platform_id,product_id,game_id,channel_id,product_nickname,client_id,value,day,hour,minute) values(?,?,?,?,?,?,?,?,?,?,?)
2017-04-11 17:06:30 - [INFO] [main] [com.tuyoo.util.ConnUtils] 获取mysql连接。。。
2017-04-11 17:06:30 - [INFO] [main] [com.tuyoo.util.ConnUtils] 添加批量执行...
2017-04-11 17:06:30 - [INFO] [main] [com.tuyoo.util.ConnUtils] 执行批量插入...
2017-04-11 17:06:31 - [INFO] [main] [com.tuyoo.util.ConnUtils] 本次提交完成...
2017-04-11 17:06:31 - [INFO] [main] [com.tuyoo.util.ConnUtils] 执行插入的sql语句: insert into redis_login(type,platform_id,product_id,channel_id,product_nickname,client_id,value,day,hour,minute) values(?,?,?,?,?,?,?,?,?,?)
2017-04-11 17:06:31 - [INFO] [main] [com.tuyoo.util.ConnUtils] 获取mysql连接。。。
2017-04-11 17:06:31 - [INFO] [main] [com.tuyoo.util.ConnUtils] 添加批量执行...
2017-04-11 17:06:31 - [INFO] [main] [com.tuyoo.util.ConnUtils] 执行批量插入...
2017-04-11 17:06:31 - [INFO] [main] [com.tuyoo.util.ConnUtils] 本次提交完成...
